<?xml version="1.0" encoding="UTF-8"?>
<coverage generated="1722524195908" clover="3.2.0">
  <project timestamp="1722524195908" name="All files">
    <metrics statements="21" coveredstatements="14" conditionals="2" coveredconditionals="0" methods="10" coveredmethods="6" elements="33" coveredelements="20" complexity="0" loc="21" ncloc="21" packages="1" files="3" classes="3"/>
    <file name="carrinho.js" path="/media/giovanni/Giovanni 2t/Alura/Testes unitarios/nodejs testes unitarios e de integração/carrinho.js">
      <metrics statements="13" coveredstatements="6" conditionals="2" coveredconditionals="0" methods="6" coveredmethods="2"/>
      <line num="3" count="3" type="stmt"/>
      <line num="4" count="3" type="stmt"/>
      <line num="5" count="3" type="stmt"/>
      <line num="6" count="3" type="stmt"/>
      <line num="10" count="2" type="stmt"/>
      <line num="14" count="0" type="stmt"/>
      <line num="18" count="0" type="stmt"/>
      <line num="19" count="0" type="stmt"/>
      <line num="23" count="0" type="cond" truecount="0" falsecount="2"/>
      <line num="24" count="0" type="stmt"/>
      <line num="27" count="0" type="stmt"/>
      <line num="29" count="0" type="stmt"/>
      <line num="39" count="1" type="stmt"/>
    </file>
    <file name="index.js" path="/media/giovanni/Giovanni 2t/Alura/Testes unitarios/nodejs testes unitarios e de integração/index.js">
      <metrics statements="3" coveredstatements="3" conditionals="0" coveredconditionals="0" methods="2" coveredmethods="2"/>
      <line num="1" count="1" type="stmt"/>
      <line num="3" count="1" type="stmt"/>
      <line num="5" count="1" type="stmt"/>
    </file>
    <file name="item.js" path="/media/giovanni/Giovanni 2t/Alura/Testes unitarios/nodejs testes unitarios e de integração/item.js">
      <metrics statements="5" coveredstatements="5" conditionals="0" coveredconditionals="0" methods="2" coveredmethods="2"/>
      <line num="3" count="5" type="stmt"/>
      <line num="4" count="5" type="stmt"/>
      <line num="5" count="5" type="stmt"/>
      <line num="9" count="2" type="stmt"/>
      <line num="13" count="2" type="stmt"/>
    </file>
  </project>
</coverage>
