{"/media/giovanni/Giovanni 2t/Alura/Testes unitarios/nodejs testes unitarios e de integração/index.js": {"path":"/media/giovanni/Giovanni 2t/Alura/Testes unitarios/nodejs testes unitarios e de integração/index.js","statementMap":{"0":{"start":{"line":1,"column":24},"end":{"line":1,"column":81}},"1":{"start":{"line":1,"column":55},"end":{"line":1,"column":81}},"2":{"start":{"line":3,"column":25},"end":{"line":3,"column":68}},"3":{"start":{"line":3,"column":49},"end":{"line":3,"column":68}},"4":{"start":{"line":5,"column":0},"end":{"line":5,"column":52}}},"fnMap":{"0":{"name":"(anonymous_0)","decl":{"start":{"line":1,"column":24},"end":{"line":1,"column":25}},"loc":{"start":{"line":1,"column":55},"end":{"line":1,"column":81}},"line":1},"1":{"name":"(anonymous_1)","decl":{"start":{"line":3,"column":25},"end":{"line":3,"column":26}},"loc":{"start":{"line":3,"column":49},"end":{"line":3,"column":68}},"line":3}},"branchMap":{},"s":{"0":1,"1":1,"2":1,"3":1,"4":1},"f":{"0":1,"1":1},"b":{},"_coverageSchema":"1a1c01bbd47fc00a2c39e90264f33305004495a9","hash":"e083d455c16c225780affe2884f94f003314c4cf"}
,"/media/giovanni/Giovanni 2t/Alura/Testes unitarios/nodejs testes unitarios e de integração/item.js": {"path":"/media/giovanni/Giovanni 2t/Alura/Testes unitarios/nodejs testes unitarios e de integração/item.js","statementMap":{"0":{"start":{"line":3,"column":8},"end":{"line":3,"column":24}},"1":{"start":{"line":4,"column":8},"end":{"line":4,"column":26}},"2":{"start":{"line":5,"column":8},"end":{"line":5,"column":36}},"3":{"start":{"line":9,"column":8},"end":{"line":9,"column":44}},"4":{"start":{"line":13,"column":0},"end":{"line":13,"column":23}}},"fnMap":{"0":{"name":"(anonymous_0)","decl":{"start":{"line":2,"column":4},"end":{"line":2,"column":5}},"loc":{"start":{"line":2,"column":40},"end":{"line":6,"column":5}},"line":2},"1":{"name":"(anonymous_1)","decl":{"start":{"line":8,"column":4},"end":{"line":8,"column":5}},"loc":{"start":{"line":8,"column":24},"end":{"line":10,"column":5}},"line":8}},"branchMap":{},"s":{"0":1,"1":1,"2":1,"3":0,"4":1},"f":{"0":1,"1":0},"b":{},"_coverageSchema":"1a1c01bbd47fc00a2c39e90264f33305004495a9","hash":"ed984a4d7b56136210a6c6b6f5dc806bf29ed2ee"}
}
